<?xml version="1.0" encoding="UTF-8"?>
<testng-results skipped="0" failed="0" total="1" passed="1">
  <reporter-output>
  </reporter-output>
  <suite name="Suite" duration-ms="7651" started-at="2018-07-22T06:33:18Z" finished-at="2018-07-22T06:33:26Z">
    <groups>
    </groups>
    <test name="Test1" duration-ms="7651" started-at="2018-07-22T06:33:18Z" finished-at="2018-07-22T06:33:26Z">
      <class name="com.letzautomate.testcases.main">
        <test-method status="PASS" signature="runSuite(java.lang.String, java.lang.String)[pri:0, instance:com.letzautomate.testcases.main@e25b2fe]" name="runSuite" duration-ms="7630" started-at="2018-07-22T12:03:18Z" finished-at="2018-07-22T12:03:26Z">
          <params>
            <param index="0">
              <value>
                <![CDATA[chrome]]>
              </value>
            </param>
            <param index="1">
              <value>
                <![CDATA[C://BehavioralDriven/src/test/resources/testcases/testcases1.xls]]>
              </value>
            </param>
          </params>
          <reporter-output>
          </reporter-output>
        </test-method> <!-- runSuite -->
      </class> <!-- com.letzautomate.testcases.main -->
    </test> <!-- Test1 -->
  </suite> <!-- Suite -->
</testng-results>
